<?xml version="1.0" encoding="UTF-8"?>
<!-- Generated by org.testng.reporters.JUnitXMLReporter -->
<testsuite hostname="LAPTOP-R23SUR87" ignored="1" name="FunctionalValidation" tests="2" failures="0" timestamp="2023-07-19T23:27:50 CEST" time="21.497" errors="0">
  <testcase name="validateProductSearch" time="5.671" classname="com.eurowings.testcases.TC001_FlightStatusValidation_ByFlightRoute"/>
  <testcase name="validateProductSearch" time="5.051" classname="com.eurowings.testcases.TC002_FlightStatusValidation_ByFlightNumber"/>
  <testcase name="@AfterSuite afterSuite" time="0.0" classname="com.eurowings.wrappers.TestBase">
    <ignored/>
  </testcase> <!-- @AfterSuite afterSuite -->
</testsuite> <!-- FunctionalValidation -->
