<?xml version="1.0" encoding="UTF-8"?>
<!-- Generated by org.testng.reporters.JUnitXMLReporter -->
<testsuite hostname="LAPTOP-R23SUR87" ignored="0" name="Regression" tests="2" failures="1" timestamp="2021-08-04T16:55:17 IST" time="37.678" errors="0">
  <testcase name="validateProductSearch" time="11.795" classname="com.autohero.testcases.TC001_SearchValidation">
    <skipped/>
  </testcase> <!-- validateProductSearch -->
  <testcase name="validateProductSearch" time="11.757" classname="com.autohero.testcases.TC001_SearchValidation">
    <failure type="java.lang.AssertionError" message="Exception occurred">
      <![CDATA[java.lang.AssertionError: Exception occurred
at com.autohero.testcases.TC001_SearchValidation.validateProductSearch(TC001_SearchValidation.java:41)
at java.util.ArrayList.forEach(Unknown Source)
... Removed 28 stack frames]]>
    </failure>
  </testcase> <!-- validateProductSearch -->
</testsuite> <!-- Regression -->
