<?xml version="1.0" encoding="UTF-8"?>
<!-- Generated by org.testng.reporters.JUnitReportReporter -->
<testsuite skipped="0" hostname="LAPTOP-R23SUR87" name="com.eurowings.testcases.TC002_FlightStatusValidation_ByFlightNumber" tests="1" failures="0" timestamp="2023-07-19T23:27:50 CEST" time="9.793" errors="0">
  <testcase name="validateProductSearch" time="9.793" classname="com.eurowings.testcases.TC002_FlightStatusValidation_ByFlightNumber"/>
</testsuite> <!-- com.eurowings.testcases.TC002_FlightStatusValidation_ByFlightNumber -->
