<?xml version="1.0" encoding="UTF-8"?>
<!-- Generated by org.testng.reporters.JUnitReportReporter -->
<testsuite skipped="0" hostname="LAPTOP-R23SUR87" name="com.eurowings.testcases.TC001_FlightStatusValidation_ByFlightRoute" tests="1" failures="0" timestamp="2023-07-19T23:27:50 CEST" time="11.546" errors="0">
  <testcase name="validateProductSearch" time="11.546" classname="com.eurowings.testcases.TC001_FlightStatusValidation_ByFlightRoute"/>
</testsuite> <!-- com.eurowings.testcases.TC001_FlightStatusValidation_ByFlightRoute -->
