<?xml version="1.0" encoding="UTF-8"?>
<!-- Generated by org.testng.reporters.JUnitReportReporter -->
<testsuite skipped="0" hostname="LAPTOP-R23SUR87" name="com.autohero.testcases.TC001_SearchValidation" tests="2" failures="0" timestamp="2021-08-10T13:43:51 IST" time="19.007" errors="0">
  <testcase name="validateProductSearch" time="8.600" classname="com.autohero.testcases.TC001_SearchValidation"/>
  <testcase name="validateProductSearch" time="10.407" classname="com.autohero.testcases.TC001_SearchValidation"/>
</testsuite> <!-- com.autohero.testcases.TC001_SearchValidation -->
