<?xml version="1.0" encoding="UTF-8"?>
<!-- Generated by org.testng.reporters.JUnitXMLReporter -->
<testsuite hostname="LAPTOP-R23SUR87" ignored="0" name="FunctionalValidation" tests="2" failures="0" timestamp="2021-08-10T13:43:50 IST" time="19.13" errors="0">
  <testcase name="validateProductSearch" time="6.195" classname="com.autohero.testcases.TC001_SearchValidation"/>
  <testcase name="validateProductSearch" time="3.552" classname="com.autohero.testcases.TC001_SearchValidation"/>
</testsuite> <!-- FunctionalValidation -->
